============================= test session starts ==============================
platform linux -- Python 3.12.13, pytest-9.0.2, pluggy-1.6.0 -- /usr/local/bin/python3
cachedir: .pytest_cache
rootdir: /app
plugins: timeout-2.4.0
collecting ... collected 0 items / 1 error

==================================== ERRORS ====================================
_________________ ERROR collecting tasks/task-2/task_tests.py __________________
ImportError while importing test module '/app/tasks/task-2/task_tests.py'.
Hint: make sure your test modules/packages have valid Python names.
Traceback:
/usr/local/lib/python3.12/importlib/__init__.py:90: in import_module
    return _bootstrap._gcd_import(name[level:], package, level)
           ^^^^^^^^^^^^^^^^^^^^^^^^^^^^^^^^^^^^^^^^^^^^^^^^^^^^
tasks/task-2/task_tests.py:3: in <module>
    from app import get_response
app.py:1: in <module>
    from flask import Flask, jsonify, request
E   ModuleNotFoundError: No module named 'flask'
=========================== short test summary info ============================
ERROR tasks/task-2/task_tests.py
!!!!!!!!!!!!!!!!!!!! Interrupted: 1 error during collection !!!!!!!!!!!!!!!!!!!!
=============================== 1 error in 0.08s ===============================
